{"C:\\Users\\msi\\Desktop\\testing\\src\\calculator.js": {"path":"C:\\Users\\msi\\Desktop\\testing\\src\\calculator.js","statementMap":{"0":{"start":{"line":1,"column":13},"end":{"line":36,"column":1}},"1":{"start":{"line":2,"column":2},"end":{"line":4,"column":3}},"2":{"start":{"line":3,"column":4},"end":{"line":3,"column":48}},"3":{"start":{"line":6,"column":4},"end":{"line":14,"column":5}},"4":{"start":{"line":6,"column":17},"end":{"line":6,"column":18}},"5":{"start":{"line":7,"column":6},"end":{"line":13,"column":7}},"6":{"start":{"line":8,"column":8},"end":{"line":8,"column":25}},"7":{"start":{"line":9,"column":8},"end":{"line":9,"column":15}},"8":{"start":{"line":10,"column":13},"end":{"line":13,"column":7}},"9":{"start":{"line":11,"column":8},"end":{"line":11,"column":29}},"10":{"start":{"line":12,"column":8},"end":{"line":12,"column":15}},"11":{"start":{"line":15,"column":14},"end":{"line":15,"column":16}},"12":{"start":{"line":16,"column":2},"end":{"line":29,"column":3}},"13":{"start":{"line":16,"column":15},"end":{"line":16,"column":16}},"14":{"start":{"line":17,"column":4},"end":{"line":19,"column":5}},"15":{"start":{"line":18,"column":6},"end":{"line":18,"column":42}},"16":{"start":{"line":20,"column":4},"end":{"line":28,"column":5}},"17":{"start":{"line":21,"column":6},"end":{"line":23,"column":7}},"18":{"start":{"line":22,"column":8},"end":{"line":22,"column":46}},"19":{"start":{"line":24,"column":6},"end":{"line":24,"column":27}},"20":{"start":{"line":25,"column":6},"end":{"line":25,"column":23}},"21":{"start":{"line":27,"column":6},"end":{"line":27,"column":60}},"22":{"start":{"line":30,"column":2},"end":{"line":30,"column":50}},"23":{"start":{"line":30,"column":23},"end":{"line":30,"column":50}},"24":{"start":{"line":31,"column":2},"end":{"line":31,"column":77}},"25":{"start":{"line":31,"column":47},"end":{"line":31,"column":77}},"26":{"start":{"line":32,"column":2},"end":{"line":34,"column":3}},"27":{"start":{"line":32,"column":15},"end":{"line":32,"column":16}},"28":{"start":{"line":33,"column":4},"end":{"line":33,"column":58}},"29":{"start":{"line":35,"column":2},"end":{"line":35,"column":29}},"30":{"start":{"line":39,"column":2},"end":{"line":41,"column":3}},"31":{"start":{"line":40,"column":4},"end":{"line":40,"column":42}},"32":{"start":{"line":42,"column":2},"end":{"line":55,"column":3}},"33":{"start":{"line":44,"column":6},"end":{"line":44,"column":19}},"34":{"start":{"line":46,"column":6},"end":{"line":46,"column":19}},"35":{"start":{"line":48,"column":6},"end":{"line":48,"column":19}},"36":{"start":{"line":50,"column":6},"end":{"line":52,"column":7}},"37":{"start":{"line":51,"column":8},"end":{"line":51,"column":44}},"38":{"start":{"line":53,"column":6},"end":{"line":53,"column":19}},"39":{"start":{"line":57,"column":0},"end":{"line":57,"column":22}}},"fnMap":{"0":{"name":"(anonymous_0)","decl":{"start":{"line":1,"column":13},"end":{"line":1,"column":14}},"loc":{"start":{"line":1,"column":25},"end":{"line":36,"column":1}},"line":1},"1":{"name":"evaluate","decl":{"start":{"line":38,"column":9},"end":{"line":38,"column":17}},"loc":{"start":{"line":38,"column":35},"end":{"line":56,"column":1}},"line":38}},"branchMap":{"0":{"loc":{"start":{"line":2,"column":2},"end":{"line":4,"column":3}},"type":"if","locations":[{"start":{"line":2,"column":2},"end":{"line":4,"column":3}},{"start":{},"end":{}}],"line":2},"1":{"loc":{"start":{"line":2,"column":6},"end":{"line":2,"column":41}},"type":"binary-expr","locations":[{"start":{"line":2,"column":6},"end":{"line":2,"column":20}},{"start":{"line":2,"column":24},"end":{"line":2,"column":41}}],"line":2},"2":{"loc":{"start":{"line":7,"column":6},"end":{"line":13,"column":7}},"type":"if","locations":[{"start":{"line":7,"column":6},"end":{"line":13,"column":7}},{"start":{"line":10,"column":13},"end":{"line":13,"column":7}}],"line":7},"3":{"loc":{"start":{"line":7,"column":10},"end":{"line":7,"column":33}},"type":"binary-expr","locations":[{"start":{"line":7,"column":10},"end":{"line":7,"column":23}},{"start":{"line":7,"column":27},"end":{"line":7,"column":33}}],"line":7},"4":{"loc":{"start":{"line":10,"column":13},"end":{"line":13,"column":7}},"type":"if","locations":[{"start":{"line":10,"column":13},"end":{"line":13,"column":7}},{"start":{},"end":{}}],"line":10},"5":{"loc":{"start":{"line":17,"column":4},"end":{"line":19,"column":5}},"type":"if","locations":[{"start":{"line":17,"column":4},"end":{"line":19,"column":5}},{"start":{},"end":{}}],"line":17},"6":{"loc":{"start":{"line":17,"column":8},"end":{"line":17,"column":76}},"type":"binary-expr","locations":[{"start":{"line":17,"column":8},"end":{"line":17,"column":22}},{"start":{"line":17,"column":26},"end":{"line":17,"column":40}},{"start":{"line":17,"column":44},"end":{"line":17,"column":58}},{"start":{"line":17,"column":62},"end":{"line":17,"column":76}}],"line":17},"7":{"loc":{"start":{"line":20,"column":4},"end":{"line":28,"column":5}},"type":"if","locations":[{"start":{"line":20,"column":4},"end":{"line":28,"column":5}},{"start":{"line":26,"column":11},"end":{"line":28,"column":5}}],"line":20},"8":{"loc":{"start":{"line":20,"column":8},"end":{"line":20,"column":38}},"type":"binary-expr","locations":[{"start":{"line":20,"column":8},"end":{"line":20,"column":21}},{"start":{"line":20,"column":25},"end":{"line":20,"column":38}}],"line":20},"9":{"loc":{"start":{"line":21,"column":6},"end":{"line":23,"column":7}},"type":"if","locations":[{"start":{"line":21,"column":6},"end":{"line":23,"column":7}},{"start":{},"end":{}}],"line":21},"10":{"loc":{"start":{"line":21,"column":10},"end":{"line":21,"column":74}},"type":"binary-expr","locations":[{"start":{"line":21,"column":10},"end":{"line":21,"column":40}},{"start":{"line":21,"column":44},"end":{"line":21,"column":74}}],"line":21},"11":{"loc":{"start":{"line":30,"column":2},"end":{"line":30,"column":50}},"type":"if","locations":[{"start":{"line":30,"column":2},"end":{"line":30,"column":50}},{"start":{},"end":{}}],"line":30},"12":{"loc":{"start":{"line":31,"column":2},"end":{"line":31,"column":77}},"type":"if","locations":[{"start":{"line":31,"column":2},"end":{"line":31,"column":77}},{"start":{},"end":{}}],"line":31},"13":{"loc":{"start":{"line":39,"column":2},"end":{"line":41,"column":3}},"type":"if","locations":[{"start":{"line":39,"column":2},"end":{"line":41,"column":3}},{"start":{},"end":{}}],"line":39},"14":{"loc":{"start":{"line":39,"column":6},"end":{"line":39,"column":52}},"type":"binary-expr","locations":[{"start":{"line":39,"column":6},"end":{"line":39,"column":27}},{"start":{"line":39,"column":31},"end":{"line":39,"column":52}}],"line":39},"15":{"loc":{"start":{"line":42,"column":2},"end":{"line":55,"column":3}},"type":"switch","locations":[{"start":{"line":43,"column":4},"end":{"line":44,"column":19}},{"start":{"line":45,"column":4},"end":{"line":46,"column":19}},{"start":{"line":47,"column":4},"end":{"line":48,"column":19}},{"start":{"line":49,"column":4},"end":{"line":54,"column":5}}],"line":42},"16":{"loc":{"start":{"line":50,"column":6},"end":{"line":52,"column":7}},"type":"if","locations":[{"start":{"line":50,"column":6},"end":{"line":52,"column":7}},{"start":{},"end":{}}],"line":50}},"s":{"0":1,"1":11,"2":0,"3":11,"4":11,"5":24,"6":0,"7":0,"8":24,"9":1,"10":1,"11":11,"12":11,"13":11,"14":12,"15":1,"16":11,"17":5,"18":1,"19":4,"20":4,"21":6,"22":8,"23":4,"24":4,"25":4,"26":4,"27":4,"28":4,"29":4,"30":10,"31":0,"32":10,"33":3,"34":1,"35":4,"36":2,"37":1,"38":1,"39":1},"f":{"0":11,"1":10},"b":{"0":[0,11],"1":[11,11],"2":[0,24],"3":[24,1],"4":[1,23],"5":[1,11],"6":[12,11,7,3],"7":[5,6],"8":[11,7],"9":[1,4],"10":[5,4],"11":[4,4],"12":[4,0],"13":[0,10],"14":[10,10],"15":[3,1,4,2],"16":[1,1]},"_coverageSchema":"1a1c01bbd47fc00a2c39e90264f33305004495a9","hash":"96dd8f8afc0125dc85fa4a2e8f94a5354c0a458b"}
}
