TN:
SF:src\calculator.js
FN:1,(anonymous_0)
FN:38,evaluate
FNF:2
FNH:2
FNDA:11,(anonymous_0)
FNDA:10,evaluate
DA:1,1
DA:2,11
DA:3,0
DA:6,11
DA:7,24
DA:8,0
DA:9,0
DA:10,24
DA:11,1
DA:12,1
DA:15,11
DA:16,11
DA:17,12
DA:18,1
DA:20,11
DA:21,5
DA:22,1
DA:24,4
DA:25,4
DA:27,6
DA:30,8
DA:31,4
DA:32,4
DA:33,4
DA:35,4
DA:39,10
DA:40,0
DA:42,10
DA:44,3
DA:46,1
DA:48,4
DA:50,2
DA:51,1
DA:53,1
DA:57,1
LF:35
LH:31
BRDA:2,0,0,0
BRDA:2,0,1,11
BRDA:2,1,0,11
BRDA:2,1,1,11
BRDA:7,2,0,0
BRDA:7,2,1,24
BRDA:7,3,0,24
BRDA:7,3,1,1
BRDA:10,4,0,1
BRDA:10,4,1,23
BRDA:17,5,0,1
BRDA:17,5,1,11
BRDA:17,6,0,12
BRDA:17,6,1,11
BRDA:17,6,2,7
BRDA:17,6,3,3
BRDA:20,7,0,5
BRDA:20,7,1,6
BRDA:20,8,0,11
BRDA:20,8,1,7
BRDA:21,9,0,1
BRDA:21,9,1,4
BRDA:21,10,0,5
BRDA:21,10,1,4
BRDA:30,11,0,4
BRDA:30,11,1,4
BRDA:31,12,0,4
BRDA:31,12,1,0
BRDA:39,13,0,0
BRDA:39,13,1,10
BRDA:39,14,0,10
BRDA:39,14,1,10
BRDA:42,15,0,3
BRDA:42,15,1,1
BRDA:42,15,2,4
BRDA:42,15,3,2
BRDA:50,16,0,1
BRDA:50,16,1,1
BRF:38
BRH:34
end_of_record
